This file logs every player that disconnected during combat
You can disable the logging in the config file

[2024/06/30 19:15:07] Juan_blck tried to escape combat!
[2024/07/01 17:57:19] ChampaPeixe tried to escape combat!
[2024/07/01 19:55:15] mw_dark tried to escape combat!
[2024/07/01 22:34:08] .RipThony999 tried to escape combat!
[2024/07/02 12:36:47] ChampaPeixe tried to escape combat!
[2024/07/02 14:24:17] Nix2013 tried to escape combat!
[2024/07/02 14:35:50] ChampaPeixe tried to escape combat!
[2024/07/03 21:06:42] .Dentedverse tried to escape combat!
[2024/07/06 13:54:45] Tails_SMASH tried to escape combat!
[2024/07/07 03:42:01] DIEGOluiggi tried to escape combat!
[2024/07/09 20:47:15] dinokase tried to escape combat!
[2024/07/10 18:02:37] .KingFox2211 tried to escape combat!
[2024/07/11 03:36:39] .Mary_J4ny09 tried to escape combat!
[2024/07/11 03:36:39] .AntBoeira07 tried to escape combat!
[2024/07/11 05:36:53] Celestial tried to escape combat!
[2024/07/12 18:57:46] DHZIN tried to escape combat!
[2024/07/12 21:18:50] dinokase tried to escape combat!
[2024/07/15 18:03:25] caduHD tried to escape combat!
[2024/07/15 18:06:03] caduHD tried to escape combat!
[2024/07/15 18:54:07] Apelachora tried to escape combat!
[2024/07/16 01:47:10] .dino12828 tried to escape combat!
[2024/07/16 13:48:39] .Mel58064 tried to escape combat!
[2024/07/16 17:23:59] DIEGOluiggi tried to escape combat!
[2024/07/16 18:36:41] DIEGOluiggi tried to escape combat!
[2024/07/16 21:50:11] dulcemaria213k tried to escape combat!
[2024/07/17 10:45:25] .Nicolasfn773 tried to escape combat!
[2024/07/18 17:46:17] .Felipin122333 tried to escape combat!
[2024/07/18 18:00:26] DIEGOluiggi tried to escape combat!
[2024/07/18 21:11:36] cleitonputo tried to escape combat!
[2024/07/20 22:57:12] .Fall_luis7705 tried to escape combat!
[2024/07/21 18:20:50] crabsss tried to escape combat!
[2024/07/23 11:06:22] Icy1tz tried to escape combat!
[2024/07/24 03:53:34] Kts2710 tried to escape combat!
[2024/07/25 11:55:28] afonso_Mi tried to escape combat!
[2024/07/26 19:01:42] IvanFire12 tried to escape combat!
[2024/07/26 20:15:45] MysTzy7 tried to escape combat!
[2024/07/27 22:09:02] gianmarcos21 tried to escape combat!
[2024/07/29 13:38:02] dinokase tried to escape combat!
[2024/07/29 17:10:30] wokoyio tried to escape combat!
[2024/07/29 22:30:03] Esc99 tried to escape combat!
[2024/07/30 15:40:34] .FranciscoMorato tried to escape combat!
[2024/07/30 19:37:04] .VotedDaisy91879 tried to escape combat!
[2024/07/31 20:36:55] eduu153 tried to escape combat!
[2024/08/01 09:53:32] Peixe_Antartico tried to escape combat!
[2025/10/26 13:22:47] TechBlack tried to escape combat! (4s left) | In combat with: [WorldPlayBR] | World:world, X:1232.45, Y:96.00, Z:1878.02
[2025/10/28 21:02:16] LuanBertozzi7 tried to escape combat! (4s left) | In combat with: [_Desempregado] | World:world, X:1192.53, Y:96.00, Z:1995.03
[2025/10/28 21:02:47] LuanBertozzi7 tried to escape combat! (11s left) | In combat with: [TechBlack] | World:world, X:1179.37, Y:96.00, Z:2007.87
[2025/11/02 16:18:28] _Rewrite__ tried to escape combat! (11s left) | In combat with: [_bedias2712, Maxevilard10] | World:world, X:1184.39, Y:96.00, Z:1909.81
[2025/11/02 16:18:28] Maxevilard10 tried to escape combat! (11s left) | In combat with: [_Rewrite__] | World:world, X:1177.45, Y:97.00, Z:1902.08
